<?xml version="1.0" encoding="UTF-8"?>
<!-- Generated by org.testng.reporters.JUnitReportReporter -->
<testsuite hostname="EQAW42SLPC6558" failures="0" tests="1" name="runner.TestNGRunner" time="13.162" errors="0" timestamp="2024-07-24T17:11:50 IST" skipped="0">
  <testcase classname="runner.TestNGRunner" name="runScenario" time="13.162"/>
  <system-out/>
</testsuite> <!-- runner.TestNGRunner -->
