<?xml version="1.0" encoding="UTF-8"?>
<!-- Generated by org.testng.reporters.JUnitReportReporter -->
<testsuite hostname="EQAW42SLPC6558" failures="0" tests="1" name="runner.TestRunner" time="8.042" errors="0" timestamp="2024-06-24T21:42:36 IST" skipped="0">
  <testcase classname="runner.TestRunner" name="runScenario" time="8.042"/>
  <system-out/>
</testsuite> <!-- runner.TestRunner -->
